<?xml version="1.0" encoding="UTF-8"?>
<!-- Generated by org.testng.reporters.JUnitReportReporter -->
<testsuite hostname="Saiful-PC" name="testng.dataprovider" tests="3" failures="0" timestamp="27 Jun 2020 22:48:13 GMT" time="0.043" errors="0">
  <testcase name="input" time="0.015" classname="testng.dataprovider"/>
  <testcase name="input" time="0.012" classname="testng.dataprovider"/>
  <testcase name="input" time="0.016" classname="testng.dataprovider"/>
</testsuite> <!-- testng.dataprovider -->
