<?xml version="1.0" encoding="UTF-8"?>
<!-- Generated by org.testng.reporters.JUnitReportReporter -->
<testsuite hostname="Saiful-PC" name="Roza.dataprovider" tests="2" failures="0" timestamp="30 Jun 2020 15:55:50 GMT" time="0.016" errors="0">
  <testcase name="ami" time="0.000" classname="Roza.dataprovider"/>
  <testcase name="ami" time="0.016" classname="Roza.dataprovider"/>
</testsuite> <!-- Roza.dataprovider -->
