<?xml version="1.0" encoding="UTF-8"?>
<!-- Generated by org.testng.reporters.JUnitReportReporter -->
<testsuite hostname="Saiful-PC" name="Roza.practicejava" tests="3" failures="0" timestamp="14 Jun 2020 19:32:19 GMT" time="0.020" errors="0">
  <testcase name="asa2" time="0.009" classname="Roza.practicejava"/>
  <testcase name="asa" time="0.006" classname="Roza.practicejava"/>
  <testcase name="asa1" time="0.005" classname="Roza.practicejava"/>
</testsuite> <!-- Roza.practicejava -->
