<?xml version="1.0" encoding="UTF-8"?>
<!-- Generated by org.testng.reporters.JUnitReportReporter -->
<testsuite hostname="Saiful-PC" name="screenshot.shotscreen2" tests="2" failures="0" timestamp="4 Jun 2020 21:33:56 GMT" time="25.895" errors="0">
  <testcase name="shot" time="15.920" classname="screenshot.shotscreen2"/>
  <testcase name="screen" time="9.975" classname="screenshot.shotscreen2"/>
</testsuite> <!-- screenshot.shotscreen2 -->
