<?xml version="1.0" encoding="UTF-8"?>
<!-- Generated by org.testng.reporters.JUnitReportReporter -->
<testsuite hostname="Saiful-PC" name="Roza.screenshot1" tests="1" failures="0" timestamp="4 Jun 2020 23:09:13 GMT" time="15.649" errors="0">
  <testcase name="jet" time="15.649" classname="Roza.screenshot1"/>
</testsuite> <!-- Roza.screenshot1 -->
