<?xml version="1.0" encoding="UTF-8"?>
<!-- Generated by org.testng.reporters.JUnitReportReporter -->
<testsuite hostname="Saiful-PC" name="Roza.inthh" tests="1" failures="0" timestamp="29 Jun 2020 20:30:56 GMT" time="0.026" errors="0">
  <testcase name="dd" time="0.026" classname="Roza.inthh"/>
</testsuite> <!-- Roza.inthh -->
