<?xml version="1.0" encoding="UTF-8"?>
<!-- Generated by org.testng.reporters.JUnitReportReporter -->
<testsuite hostname="Saiful-PC" name="inheritance.pac" tests="1" failures="0" timestamp="29 Jun 2020 14:37:33 GMT" time="34.169" errors="0">
  <testcase name="ss" time="34.169" classname="inheritance.pac"/>
</testsuite> <!-- inheritance.pac -->
