<?xml version="1.0" encoding="UTF-8"?>
<!-- Generated by org.testng.reporters.JUnitReportReporter -->
<testsuite hostname="Saiful-PC" name="Roza.mukulkhan" tests="4" failures="0" timestamp="1 Jul 2020 13:34:24 GMT" time="13.190" errors="0">
  <testcase name="mukulm" time="8.674" classname="Roza.mukulkhan"/>
  <testcase name="mukulmu" time="4.173" classname="Roza.mukulkhan"/>
  <testcase name="mukulmukul" time="0.140" classname="Roza.mukulkhan"/>
  <testcase name="mukulmuk" time="0.203" classname="Roza.mukulkhan"/>
</testsuite> <!-- Roza.mukulkhan -->
