<?xml version="1.0" encoding="UTF-8"?>
<!-- Generated by org.testng.reporters.JUnitReportReporter -->
<testsuite hostname="Saiful-PC" name="Roza.shotscreen" tests="1" failures="0" timestamp="4 Jun 2020 21:06:03 GMT" time="15.486" errors="0">
  <testcase name="shot" time="15.486" classname="Roza.shotscreen"/>
</testsuite> <!-- Roza.shotscreen -->
