<?xml version="1.0" encoding="UTF-8"?>
<!-- Generated by org.testng.reporters.JUnitReportReporter -->
<testsuite hostname="Saiful-PC" name="c" tests="1" failures="0" timestamp="7 Jul 2020 20:45:39 GMT" time="0.022" errors="0">
  <testcase name="d" time="0.022" classname="c"/>
</testsuite> <!-- c -->
