<?xml version="1.0" encoding="UTF-8"?>
<!-- Generated by org.testng.reporters.JUnitReportReporter -->
<testsuite hostname="Saiful-PC" name="inheritance.prac" tests="1" failures="0" timestamp="29 Jun 2020 14:30:13 GMT" time="34.521" errors="0">
  <testcase name="inhe" time="34.521" classname="inheritance.prac"/>
</testsuite> <!-- inheritance.prac -->
