<?xml version="1.0" encoding="UTF-8"?>
<!-- Generated by org.testng.reporters.JUnitReportReporter -->
<testsuite hostname="Saiful-PC" name="testng.page" tests="2" failures="0" timestamp="30 Jun 2020 21:49:55 GMT" time="17.254" errors="0">
  <testcase name="vv" time="8.675" classname="testng.page"/>
  <testcase name="facebook" time="8.579" classname="testng.page"/>
</testsuite> <!-- testng.page -->
