<?xml version="1.0" encoding="UTF-8"?>
<!-- Generated by org.testng.reporters.JUnitReportReporter -->
<testsuite hostname="Saiful-PC" name="Roza.screenshot2" tests="1" failures="0" timestamp="5 Jun 2020 23:04:54 GMT" time="15.642" errors="0">
  <testcase name="cleartrip" time="15.642" classname="Roza.screenshot2"/>
</testsuite> <!-- Roza.screenshot2 -->
