<?xml version="1.0" encoding="UTF-8"?>
<!-- Generated by org.testng.reporters.JUnitReportReporter -->
<testsuite hostname="Saiful-PC" name="Roza.roha" tests="3" failures="0" timestamp="30 Jun 2020 20:38:29 GMT" time="0.047" errors="0">
  <testcase name="ami" time="0.016" classname="Roza.roha"/>
  <testcase name="ami" time="0.016" classname="Roza.roha"/>
  <testcase name="dd" time="0.015" classname="Roza.roha"/>
</testsuite> <!-- Roza.roha -->
