<?xml version="1.0" encoding="UTF-8"?>
<!-- Generated by org.testng.reporters.JUnitReportReporter -->
<testsuite hostname="Saiful-PC" name="testng.four" tests="1" failures="0" timestamp="30 Jun 2020 22:01:10 GMT" time="0.000" errors="0">
  <testcase name="fourtwo" time="0.000" classname="testng.four"/>
</testsuite> <!-- testng.four -->
