<?xml version="1.0" encoding="UTF-8"?>
<!-- Generated by org.testng.reporters.JUnitReportReporter -->
<testsuite hostname="Saiful-PC" name="testng.demo2" tests="1" failures="0" timestamp="30 Jun 2020 22:01:10 GMT" time="0.015" errors="0">
  <testcase name="threetwo" time="0.015" classname="testng.demo2"/>
</testsuite> <!-- testng.demo2 -->
