<?xml version="1.0" encoding="UTF-8"?>
<!-- Generated by org.testng.reporters.JUnitReportReporter -->
<testsuite hostname="Saiful-PC" name="Roza.mukul" tests="3" failures="0" timestamp="1 Jul 2020 13:07:41 GMT" time="15.014" errors="0">
  <testcase name="mukulmu" time="4.154" classname="Roza.mukul"/>
  <testcase name="mukulm" time="10.690" classname="Roza.mukul"/>
  <testcase name="mukulmuk" time="0.170" classname="Roza.mukul"/>
</testsuite> <!-- Roza.mukul -->
