<?xml version="1.0" encoding="UTF-8"?>
<!-- Generated by org.testng.reporters.JUnitReportReporter -->
<testsuite hostname="Saiful-PC" name="Roza.mdmukulkhan" tests="4" failures="0" timestamp="1 Jul 2020 13:38:28 GMT" time="12.991" errors="0">
  <testcase name="mukulmukul" time="0.103" classname="Roza.mdmukulkhan"/>
  <testcase name="mukulmu" time="4.189" classname="Roza.mdmukulkhan"/>
  <testcase name="mukulmuk" time="0.167" classname="Roza.mdmukulkhan"/>
  <testcase name="mukulm" time="8.532" classname="Roza.mdmukulkhan"/>
</testsuite> <!-- Roza.mdmukulkhan -->
