<?xml version="1.0" encoding="UTF-8"?>
<!-- Generated by org.testng.reporters.JUnitReportReporter -->
<testsuite hostname="Saiful-PC" name="testng.demo1" tests="2" failures="0" timestamp="27 Jun 2020 23:57:00 GMT" time="0.015" errors="0">
  <testcase name="durasa1" time="0.015" classname="testng.demo1"/>
  <testcase name="durasa" time="0.000" classname="testng.demo1"/>
</testsuite> <!-- testng.demo1 -->
